<?xml version="1.0" encoding="UTF-8"?>
<testng-results ignored="0" total="1" passed="1" failed="0" skipped="0">
  <reporter-output>
  </reporter-output>
  <suite started-at="2022-08-27T13:25:12 PDT" name="Default suite" finished-at="2022-08-27T13:25:28 PDT" duration-ms="15716">
    <groups>
    </groups>
    <test started-at="2022-08-27T13:25:12 PDT" name="Default test" finished-at="2022-08-27T13:25:28 PDT" duration-ms="15716">
      <class name="testCasePackage.TC_004checkboxRadiobox">
        <test-method is-config="true" signature="setup()[pri:0, instance:testCasePackage.TC_004checkboxRadiobox@29215f06]" started-at="2022-08-27T13:25:03 PDT" name="setup" finished-at="2022-08-27T13:25:12 PDT" duration-ms="8836" status="PASS">
          <reporter-output>
          </reporter-output>
        </test-method> <!-- setup -->
        <test-method signature="checkboxRadiobox()[pri:0, instance:testCasePackage.TC_004checkboxRadiobox@29215f06]" started-at="2022-08-27T13:25:12 PDT" name="checkboxRadiobox" finished-at="2022-08-27T13:25:28 PDT" duration-ms="15518" status="PASS">
          <reporter-output>
          </reporter-output>
        </test-method> <!-- checkboxRadiobox -->
        <test-method is-config="true" signature="treatDown()[pri:0, instance:testCasePackage.TC_004checkboxRadiobox@29215f06]" started-at="2022-08-27T13:25:33 PDT" name="treatDown" finished-at="2022-08-27T13:25:33 PDT" duration-ms="205" status="PASS">
          <reporter-output>
          </reporter-output>
        </test-method> <!-- treatDown -->
      </class> <!-- testCasePackage.TC_004checkboxRadiobox -->
    </test> <!-- Default test -->
  </suite> <!-- Default suite -->
</testng-results>
