<?xml version="1.0" encoding="UTF-8"?>
<testng-results ignored="0" total="2" passed="2" failed="0" skipped="0">
  <reporter-output>
  </reporter-output>
  <suite started-at="2022-08-27T07:35:04 PDT" name="Default suite" finished-at="2022-08-27T07:35:38 PDT" duration-ms="34313">
    <groups>
    </groups>
    <test started-at="2022-08-27T07:35:04 PDT" name="Default test" finished-at="2022-08-27T07:35:38 PDT" duration-ms="34313">
      <class name="testCasePackage.TC_001LoginPage">
        <test-method is-config="true" signature="setup()[pri:0, instance:testCasePackage.TC_001LoginPage@55634720]" started-at="2022-08-27T07:34:55 PDT" name="setup" finished-at="2022-08-27T07:35:04 PDT" duration-ms="8906" status="PASS">
          <reporter-output>
          </reporter-output>
        </test-method> <!-- setup -->
        <test-method signature="Registration()[pri:1, instance:testCasePackage.TC_001LoginPage@55634720]" started-at="2022-08-27T07:35:04 PDT" name="Registration" finished-at="2022-08-27T07:35:25 PDT" duration-ms="21592" status="PASS">
          <reporter-output>
          </reporter-output>
        </test-method> <!-- Registration -->
        <test-method signature="login()[pri:2, instance:testCasePackage.TC_001LoginPage@55634720]" started-at="2022-08-27T07:35:25 PDT" name="login" finished-at="2022-08-27T07:35:38 PDT" duration-ms="12560" status="PASS">
          <reporter-output>
          </reporter-output>
        </test-method> <!-- login -->
        <test-method is-config="true" signature="treatDown()[pri:0, instance:testCasePackage.TC_001LoginPage@55634720]" started-at="2022-08-27T07:35:43 PDT" name="treatDown" finished-at="2022-08-27T07:35:43 PDT" duration-ms="251" status="PASS">
          <reporter-output>
          </reporter-output>
        </test-method> <!-- treatDown -->
      </class> <!-- testCasePackage.TC_001LoginPage -->
    </test> <!-- Default test -->
  </suite> <!-- Default suite -->
</testng-results>
